<?xml version="1.0" encoding="UTF-8"?>
<coverage generated="1524428456281" clover="3.2.0">
  <project timestamp="1524428456281" name="All files">
    <metrics statements="17" coveredstatements="7" conditionals="0" coveredconditionals="0" methods="8" coveredmethods="6" elements="25" coveredelements="13" complexity="0" loc="17" ncloc="17" packages="2" files="6" classes="6">
      <package name="client.app">
        <metrics statements="11" coveredstatements="7" conditionals="0" coveredconditionals="0" methods="6" coveredmethods="6"/>
        <file name="App.jsx" path="D:\ReactJSMentoring\src\client\app\App.jsx">
          <metrics statements="1" coveredstatements="1" conditionals="0" coveredconditionals="0" methods="1" coveredmethods="1"/>
          <line num="12" count="1" type="stmt"/>
        </file>
        <file name="Content.jsx" path="D:\ReactJSMentoring\src\client\app\Content.jsx">
          <metrics statements="4" coveredstatements="4" conditionals="0" coveredconditionals="0" methods="3" coveredmethods="3"/>
          <line num="5" count="1" type="stmt"/>
          <line num="6" count="1" type="stmt"/>
          <line num="10" count="1" type="stmt"/>
          <line num="13" count="4" type="stmt"/>
        </file>
        <file name="Footer.jsx" path="D:\ReactJSMentoring\src\client\app\Footer.jsx">
          <metrics statements="1" coveredstatements="1" conditionals="0" coveredconditionals="0" methods="1" coveredmethods="1"/>
          <line num="3" count="1" type="stmt"/>
        </file>
        <file name="Header.jsx" path="D:\ReactJSMentoring\src\client\app\Header.jsx">
          <metrics statements="1" coveredstatements="1" conditionals="0" coveredconditionals="0" methods="1" coveredmethods="1"/>
          <line num="3" count="1" type="stmt"/>
        </file>
        <file name="index.js" path="D:\ReactJSMentoring\src\client\app\index.js">
          <metrics statements="4" coveredstatements="0" conditionals="0" coveredconditionals="0" methods="0" coveredmethods="0"/>
          <line num="1" count="0" type="stmt"/>
          <line num="2" count="0" type="stmt"/>
          <line num="4" count="0" type="stmt"/>
          <line num="6" count="0" type="stmt"/>
        </file>
      </package>
      <package name="server">
        <metrics statements="6" coveredstatements="0" conditionals="0" coveredconditionals="0" methods="2" coveredmethods="0"/>
        <file name="app.js" path="D:\ReactJSMentoring\src\server\app.js">
          <metrics statements="6" coveredstatements="0" conditionals="0" coveredconditionals="0" methods="2" coveredmethods="0"/>
          <line num="1" count="0" type="stmt"/>
          <line num="2" count="0" type="stmt"/>
          <line num="4" count="0" type="stmt"/>
          <line num="5" count="0" type="stmt"/>
          <line num="8" count="0" type="stmt"/>
          <line num="9" count="0" type="stmt"/>
        </file>
      </package>
    </metrics>
  </project>
</coverage>
