{"D:\\ReactJSMentoring\\src\\client\\app\\App.jsx": {"path":"D:\\ReactJSMentoring\\src\\client\\app\\App.jsx","statementMap":{"0":{"start":{"line":12,"column":4},"end":{"line":18,"column":6}}},"fnMap":{"0":{"name":"(anonymous_0)","decl":{"start":{"line":11,"column":2},"end":{"line":11,"column":3}},"loc":{"start":{"line":11,"column":12},"end":{"line":19,"column":3}},"line":11}},"branchMap":{},"s":{"0":1},"f":{"0":1},"b":{},"_coverageSchema":"332fd63041d2c1bcb487cc26dd0d5f7d97098a6c","hash":"940131cb8efbe7c9308db47a2d8530beb69568c3"}
,"D:\\ReactJSMentoring\\src\\client\\app\\Content.jsx": {"path":"D:\\ReactJSMentoring\\src\\client\\app\\Content.jsx","statementMap":{"0":{"start":{"line":5,"column":4},"end":{"line":5,"column":17}},"1":{"start":{"line":6,"column":4},"end":{"line":6,"column":114}},"2":{"start":{"line":10,"column":4},"end":{"line":15,"column":6}},"3":{"start":{"line":13,"column":46},"end":{"line":13,"column":73}}},"fnMap":{"0":{"name":"(anonymous_0)","decl":{"start":{"line":4,"column":2},"end":{"line":4,"column":3}},"loc":{"start":{"line":4,"column":21},"end":{"line":7,"column":3}},"line":4},"1":{"name":"(anonymous_1)","decl":{"start":{"line":9,"column":2},"end":{"line":9,"column":3}},"loc":{"start":{"line":9,"column":11},"end":{"line":16,"column":3}},"line":9},"2":{"name":"(anonymous_2)","decl":{"start":{"line":13,"column":29},"end":{"line":13,"column":30}},"loc":{"start":{"line":13,"column":46},"end":{"line":13,"column":73}},"line":13}},"branchMap":{},"s":{"0":1,"1":1,"2":1,"3":4},"f":{"0":1,"1":1,"2":4},"b":{},"_coverageSchema":"332fd63041d2c1bcb487cc26dd0d5f7d97098a6c","hash":"a717f9cba5e4b37080a984d05edf1bf2094417a2"}
,"D:\\ReactJSMentoring\\src\\client\\app\\Footer.jsx": {"path":"D:\\ReactJSMentoring\\src\\client\\app\\Footer.jsx","statementMap":{"0":{"start":{"line":3,"column":1},"end":{"line":3,"column":56}}},"fnMap":{"0":{"name":"Footer","decl":{"start":{"line":2,"column":9},"end":{"line":2,"column":15}},"loc":{"start":{"line":2,"column":18},"end":{"line":4,"column":1}},"line":2}},"branchMap":{},"s":{"0":1},"f":{"0":1},"b":{},"_coverageSchema":"332fd63041d2c1bcb487cc26dd0d5f7d97098a6c","hash":"1189e8af3421042aa892bea98a9c2e7d619b3512"}
,"D:\\ReactJSMentoring\\src\\client\\app\\Header.jsx": {"path":"D:\\ReactJSMentoring\\src\\client\\app\\Header.jsx","statementMap":{"0":{"start":{"line":3,"column":15},"end":{"line":7,"column":1}},"1":{"start":{"line":3,"column":21},"end":{"line":7,"column":1}}},"fnMap":{"0":{"name":"(anonymous_0)","decl":{"start":{"line":3,"column":15},"end":{"line":3,"column":16}},"loc":{"start":{"line":3,"column":21},"end":{"line":7,"column":1}},"line":3}},"branchMap":{},"s":{"0":1,"1":1},"f":{"0":1},"b":{},"_coverageSchema":"332fd63041d2c1bcb487cc26dd0d5f7d97098a6c","hash":"c16a0ebb2ed8fc20363a7863a054f558c6f14c2f"}
,"D:\\ReactJSMentoring\\src\\client\\app\\index.js": {"path":"D:\\ReactJSMentoring\\src\\client\\app\\index.js","statementMap":{"0":{"start":{"line":1,"column":0},"end":{"line":null,"column":-1}},"1":{"start":{"line":2,"column":0},"end":{"line":null,"column":-1}},"2":{"start":{"line":4,"column":0},"end":{"line":null,"column":-1}},"3":{"start":{"line":6,"column":0},"end":{"line":null,"column":-1}}},"fnMap":{},"branchMap":{},"s":{"0":0,"1":0,"2":0,"3":0},"f":{},"b":{}}
,"D:\\ReactJSMentoring\\src\\server\\app.js": {"path":"D:\\ReactJSMentoring\\src\\server\\app.js","statementMap":{"0":{"start":{"line":1,"column":14},"end":{"line":1,"column":0}},"1":{"start":{"line":2,"column":10},"end":{"line":2,"column":0}},"2":{"start":{"line":4,"column":0},"end":{"line":null,"column":-1}},"3":{"start":{"line":5,"column":2},"end":{"line":null,"column":-1}},"4":{"start":{"line":8,"column":0},"end":{"line":null,"column":-1}},"5":{"start":{"line":9,"column":2},"end":{"line":null,"column":-1}}},"fnMap":{"0":{"name":"(anonymous_0)","decl":{"start":{"line":4,"column":13},"end":{"line":4,"column":22}},"loc":{"start":{"line":4,"column":33},"end":{"line":4,"column":0}}},"1":{"name":"(anonymous_1)","decl":{"start":{"line":8,"column":17},"end":{"line":8,"column":28}},"loc":{"start":{"line":8,"column":29},"end":{"line":8,"column":0}}}},"branchMap":{},"s":{"0":0,"1":0,"2":0,"3":0,"4":0,"5":0},"f":{"0":0,"1":0},"b":{}}
}
